The target system is: Generic - 1.14.0 - x86
The host system is: Linux - 4.18.0-16-generic - x86_64
Compiling the C compiler identification source file "CMakeCCompilerId.c" succeeded.
Compiler: /home/tyler/i586-zephyr-elf/bin/i586-zephyr-elf-gcc 
Build flags: 
Id flags: -c 

The output was:
0


Compilation of the C compiler identification source "CMakeCCompilerId.c" produced "CMakeCCompilerId.o"

The C compiler identification is GNU, found in "/home/tyler/zephyr/lwm2m_client/build/CMakeFiles/3.13.1/CompilerIdC/CMakeCCompilerId.o"

Compiling the CXX compiler identification source file "CMakeCXXCompilerId.cpp" succeeded.
Compiler: /home/tyler/i586-zephyr-elf/bin/i586-zephyr-elf-g++ 
Build flags: 
Id flags: -c 

The output was:
0


Compilation of the CXX compiler identification source "CMakeCXXCompilerId.cpp" produced "CMakeCXXCompilerId.o"

The CXX compiler identification is GNU, found in "/home/tyler/zephyr/lwm2m_client/build/CMakeFiles/3.13.1/CompilerIdCXX/CMakeCXXCompilerId.o"

Checking whether the ASM compiler is GNU using "--version" matched "(GNU assembler)|(GCC)|(Free Software Foundation)":
i586-zephyr-elf-gcc (crosstool-NG 1.24.0-rc2-dirty) 8.3.0
Copyright (C) 2018 Free Software Foundation, Inc.
This is free software; see the source for copying conditions.  There is NO
warranty; not even for MERCHANTABILITY or FITNESS FOR A PARTICULAR PURPOSE.

Performing C SOURCE FILE Test toolchain_is_ok succeeded with the following output:
Change Dir: /home/tyler/zephyr/lwm2m_client/build/CMakeFiles/CMakeTmp

Run Build Command:"/usr/bin/ninja" "cmTC_fb84d"
[1/2] Building C object CMakeFiles/cmTC_fb84d.dir/src.c.obj
[2/2] Linking C executable cmTC_fb84d
/home/tyler/i586-zephyr-elf/bin/../lib/gcc/i586-zephyr-elf/8.3.0/../../../../i586-zephyr-elf/bin/ld: warning: cannot find entry symbol _start; defaulting to 0000000008048054

Source file was:
int main(void) { return 0; }
